07-Dec-2020 08:04:55.197 INFO [main] org.apache.catalina.startup.VersionLoggerListener.log Server version name:   Apache Tomcat/9.0.39
07-Dec-2020 08:04:55.202 INFO [main] org.apache.catalina.startup.VersionLoggerListener.log Server built:          Oct 6 2020 14:11:46 UTC
07-Dec-2020 08:04:55.202 INFO [main] org.apache.catalina.startup.VersionLoggerListener.log Server version number: 9.0.39.0
07-Dec-2020 08:04:55.202 INFO [main] org.apache.catalina.startup.VersionLoggerListener.log OS Name:               Windows 10
07-Dec-2020 08:04:55.202 INFO [main] org.apache.catalina.startup.VersionLoggerListener.log OS Version:            10.0
07-Dec-2020 08:04:55.202 INFO [main] org.apache.catalina.startup.VersionLoggerListener.log Architecture:          amd64
07-Dec-2020 08:04:55.202 INFO [main] org.apache.catalina.startup.VersionLoggerListener.log Java Home:             C:\Program Files\Java\jdk-15.0.1
07-Dec-2020 08:04:55.202 INFO [main] org.apache.catalina.startup.VersionLoggerListener.log JVM Version:           15.0.1+9-18
07-Dec-2020 08:04:55.202 INFO [main] org.apache.catalina.startup.VersionLoggerListener.log JVM Vendor:            Oracle Corporation
07-Dec-2020 08:04:55.203 INFO [main] org.apache.catalina.startup.VersionLoggerListener.log CATALINA_BASE:         D:\jsp
07-Dec-2020 08:04:55.203 INFO [main] org.apache.catalina.startup.VersionLoggerListener.log CATALINA_HOME:         D:\tomcat\apache-tomcat-9.0.39
07-Dec-2020 08:04:55.218 INFO [main] org.apache.catalina.startup.VersionLoggerListener.log Command line argument: --add-opens=java.base/java.lang=ALL-UNNAMED
07-Dec-2020 08:04:55.218 INFO [main] org.apache.catalina.startup.VersionLoggerListener.log Command line argument: --add-opens=java.base/java.io=ALL-UNNAMED
07-Dec-2020 08:04:55.218 INFO [main] org.apache.catalina.startup.VersionLoggerListener.log Command line argument: --add-opens=java.rmi/sun.rmi.transport=ALL-UNNAMED
07-Dec-2020 08:04:55.218 INFO [main] org.apache.catalina.startup.VersionLoggerListener.log Command line argument: -Djava.util.logging.config.file=D:\jsp\conf\logging.properties
07-Dec-2020 08:04:55.219 INFO [main] org.apache.catalina.startup.VersionLoggerListener.log Command line argument: -Djava.util.logging.manager=org.apache.juli.ClassLoaderLogManager
07-Dec-2020 08:04:55.219 INFO [main] org.apache.catalina.startup.VersionLoggerListener.log Command line argument: -Dhttp.nonProxyHosts=localhost|127.0.0.1|nousuasainther
07-Dec-2020 08:04:55.219 INFO [main] org.apache.catalina.startup.VersionLoggerListener.log Command line argument: -Djdk.tls.ephemeralDHKeySize=2048
07-Dec-2020 08:04:55.219 INFO [main] org.apache.catalina.startup.VersionLoggerListener.log Command line argument: -Djava.protocol.handler.pkgs=org.apache.catalina.webresources
07-Dec-2020 08:04:55.219 INFO [main] org.apache.catalina.startup.VersionLoggerListener.log Command line argument: -Dignore.endorsed.dirs=
07-Dec-2020 08:04:55.219 INFO [main] org.apache.catalina.startup.VersionLoggerListener.log Command line argument: -Dcatalina.base=D:\jsp
07-Dec-2020 08:04:55.219 INFO [main] org.apache.catalina.startup.VersionLoggerListener.log Command line argument: -Dcatalina.home=D:\tomcat\apache-tomcat-9.0.39
07-Dec-2020 08:04:55.219 INFO [main] org.apache.catalina.startup.VersionLoggerListener.log Command line argument: -Djava.io.tmpdir=D:\jsp\temp
07-Dec-2020 08:04:55.224 INFO [main] org.apache.catalina.core.AprLifecycleListener.lifecycleEvent The Apache Tomcat Native library which allows using OpenSSL was not found on the java.library.path: [C:\Program Files\Java\jdk-15.0.1\bin;C:\WINDOWS\Sun\Java\bin;C:\WINDOWS\system32;C:\WINDOWS;C:\Program Files\Common Files\Oracle\Java\javapath;C:\Program Files\AdoptOpenJDK\jdk-11.0.9.11-hotspot\bin;C:\Program Files (x86)\Common Files\Intel\Shared Libraries\redist\intel64\compiler;C:\WINDOWS\system32;C:\WINDOWS;C:\WINDOWS\System32\Wbem;C:\WINDOWS\System32\WindowsPowerShell\v1.0\;C:\WINDOWS\System32\OpenSSH\;C:\Program Files\dotnet\;C:\Program Files\Microsoft SQL Server\130\Tools\Binn\;C:\Program Files\nodejs\;C:\Users\Acer\AppData\Local\Microsoft\WindowsApps;C:\Users\Acer\AppData\Local\Programs\Microsoft VS Code\bin;C:\Users\Acer\AppData\Roaming\npm;;.]
07-Dec-2020 08:04:55.610 INFO [main] org.apache.coyote.AbstractProtocol.init Initializing ProtocolHandler ["http-nio-8080"]
07-Dec-2020 08:04:55.749 INFO [main] org.apache.catalina.startup.Catalina.load Server initialization in [814] milliseconds
07-Dec-2020 08:04:55.844 INFO [main] org.apache.catalina.core.StandardService.startInternal Starting service [Catalina]
07-Dec-2020 08:04:55.845 INFO [main] org.apache.catalina.core.StandardEngine.startInternal Starting Servlet engine: [Apache Tomcat/9.0.39]
07-Dec-2020 08:04:55.858 INFO [main] org.apache.catalina.startup.HostConfig.deployDescriptor Deploying deployment descriptor [D:\jsp\conf\Catalina\localhost\manager.xml]
07-Dec-2020 08:04:56.308 INFO [main] org.apache.catalina.startup.HostConfig.deployDescriptor Deployment of deployment descriptor [D:\jsp\conf\Catalina\localhost\manager.xml] has finished in [449] ms
07-Dec-2020 08:04:56.309 INFO [main] org.apache.catalina.startup.HostConfig.deployDescriptor Deploying deployment descriptor [D:\jsp\conf\Catalina\localhost\ROOT.xml]
07-Dec-2020 08:04:56.311 WARNING [main] org.apache.catalina.startup.HostConfig.deployDescriptor The path attribute with value [] in deployment descriptor [D:\jsp\conf\Catalina\localhost\ROOT.xml] has been ignored
07-Dec-2020 08:04:56.371 INFO [main] org.apache.catalina.startup.HostConfig.deployDescriptor Deployment of deployment descriptor [D:\jsp\conf\Catalina\localhost\ROOT.xml] has finished in [63] ms
07-Dec-2020 08:04:56.375 INFO [main] org.apache.coyote.AbstractProtocol.start Starting ProtocolHandler ["http-nio-8080"]
07-Dec-2020 08:04:56.393 INFO [main] org.apache.catalina.startup.Catalina.start Server startup in [643] milliseconds
07-Dec-2020 09:34:24.213 INFO [main] org.apache.catalina.core.StandardServer.await A valid shutdown command was received via the shutdown port. Stopping the Server instance.
07-Dec-2020 09:34:24.214 INFO [main] org.apache.coyote.AbstractProtocol.pause Pausing ProtocolHandler ["http-nio-8080"]
07-Dec-2020 09:34:24.229 INFO [main] org.apache.catalina.core.StandardService.stopInternal Stopping service [Catalina]
07-Dec-2020 09:34:24.258 INFO [main] org.apache.coyote.AbstractProtocol.stop Stopping ProtocolHandler ["http-nio-8080"]
07-Dec-2020 09:34:24.294 INFO [main] org.apache.coyote.AbstractProtocol.destroy Destroying ProtocolHandler ["http-nio-8080"]
