31-Jan-2021 15:28:22.102 INFO [main] org.apache.catalina.startup.VersionLoggerListener.log Server version name:   Apache Tomcat/9.0.39
31-Jan-2021 15:28:22.106 INFO [main] org.apache.catalina.startup.VersionLoggerListener.log Server built:          Oct 6 2020 14:11:46 UTC
31-Jan-2021 15:28:22.107 INFO [main] org.apache.catalina.startup.VersionLoggerListener.log Server version number: 9.0.39.0
31-Jan-2021 15:28:22.107 INFO [main] org.apache.catalina.startup.VersionLoggerListener.log OS Name:               Windows 8.1
31-Jan-2021 15:28:22.107 INFO [main] org.apache.catalina.startup.VersionLoggerListener.log OS Version:            6.3
31-Jan-2021 15:28:22.107 INFO [main] org.apache.catalina.startup.VersionLoggerListener.log Architecture:          amd64
31-Jan-2021 15:28:22.108 INFO [main] org.apache.catalina.startup.VersionLoggerListener.log Java Home:             C:\Program Files\Java\jdk1.8.0_31\jre
31-Jan-2021 15:28:22.108 INFO [main] org.apache.catalina.startup.VersionLoggerListener.log JVM Version:           1.8.0_31-b13
31-Jan-2021 15:28:22.108 INFO [main] org.apache.catalina.startup.VersionLoggerListener.log JVM Vendor:            Oracle Corporation
31-Jan-2021 15:28:22.108 INFO [main] org.apache.catalina.startup.VersionLoggerListener.log CATALINA_BASE:         D:\jsp
31-Jan-2021 15:28:22.109 INFO [main] org.apache.catalina.startup.VersionLoggerListener.log CATALINA_HOME:         D:\tomcat\apache-tomcat-9.0.39
31-Jan-2021 15:28:22.112 INFO [main] org.apache.catalina.startup.VersionLoggerListener.log Command line argument: -Djava.util.logging.config.file=D:\jsp\conf\logging.properties
31-Jan-2021 15:28:22.113 INFO [main] org.apache.catalina.startup.VersionLoggerListener.log Command line argument: -Djava.util.logging.manager=org.apache.juli.ClassLoaderLogManager
31-Jan-2021 15:28:22.113 INFO [main] org.apache.catalina.startup.VersionLoggerListener.log Command line argument: -Dhttp.nonProxyHosts=localhost|127.0.0.1|nousuasainther
31-Jan-2021 15:28:22.113 INFO [main] org.apache.catalina.startup.VersionLoggerListener.log Command line argument: -Djdk.tls.ephemeralDHKeySize=2048
31-Jan-2021 15:28:22.113 INFO [main] org.apache.catalina.startup.VersionLoggerListener.log Command line argument: -Djava.protocol.handler.pkgs=org.apache.catalina.webresources
31-Jan-2021 15:28:22.114 INFO [main] org.apache.catalina.startup.VersionLoggerListener.log Command line argument: -Dignore.endorsed.dirs=
31-Jan-2021 15:28:22.114 INFO [main] org.apache.catalina.startup.VersionLoggerListener.log Command line argument: -Dcatalina.base=D:\jsp
31-Jan-2021 15:28:22.114 INFO [main] org.apache.catalina.startup.VersionLoggerListener.log Command line argument: -Dcatalina.home=D:\tomcat\apache-tomcat-9.0.39
31-Jan-2021 15:28:22.114 INFO [main] org.apache.catalina.startup.VersionLoggerListener.log Command line argument: -Djava.io.tmpdir=D:\jsp\temp
31-Jan-2021 15:28:22.132 INFO [main] org.apache.catalina.core.AprLifecycleListener.lifecycleEvent The Apache Tomcat Native library which allows using OpenSSL was not found on the java.library.path: [C:\Program Files\Java\jdk1.8.0_31\bin;C:\WINDOWS\Sun\Java\bin;C:\WINDOWS\system32;C:\WINDOWS;C:\ProgramData\Oracle\Java\javapath;C:\Program Files\Common Files\Oracle\Java\javapath;C:\Program Files\AdoptOpenJDK\jdk-11.0.9.11-hotspot\bin;C:\Program Files (x86)\Common Files\Intel\Shared Libraries\redist\intel64\compiler;C:\WINDOWS\system32;C:\WINDOWS;C:\WINDOWS\System32\Wbem;C:\WINDOWS\System32\WindowsPowerShell\v1.0\;C:\WINDOWS\System32\OpenSSH\;C:\Program Files\dotnet\;C:\Program Files\Microsoft SQL Server\130\Tools\Binn\;C:\Program Files\nodejs\;C:\Program Files\Git\cmd;C:\Users\Acer\AppData\Local\Microsoft\WindowsApps;C:\Users\Acer\AppData\Local\Programs\Microsoft VS Code\bin;C:\Users\Acer\AppData\Roaming\npm;;.]
31-Jan-2021 15:28:22.794 INFO [main] org.apache.coyote.AbstractProtocol.init Initializing ProtocolHandler ["http-nio-8080"]
31-Jan-2021 15:28:22.854 INFO [main] org.apache.catalina.startup.Catalina.load Server initialization in [1119] milliseconds
31-Jan-2021 15:28:22.892 INFO [main] org.apache.catalina.core.StandardService.startInternal Starting service [Catalina]
31-Jan-2021 15:28:22.892 INFO [main] org.apache.catalina.core.StandardEngine.startInternal Starting Servlet engine: [Apache Tomcat/9.0.39]
31-Jan-2021 15:28:22.909 INFO [main] org.apache.catalina.startup.HostConfig.deployDescriptor Deploying deployment descriptor [D:\jsp\conf\Catalina\localhost\manager.xml]
31-Jan-2021 15:28:23.576 WARNING [main] org.apache.catalina.util.SessionIdGeneratorBase.createSecureRandom Creation of SecureRandom instance for session ID generation using [SHA1PRNG] took [390] milliseconds.
31-Jan-2021 15:28:23.646 INFO [main] org.apache.catalina.startup.HostConfig.deployDescriptor Deployment of deployment descriptor [D:\jsp\conf\Catalina\localhost\manager.xml] has finished in [737] ms
31-Jan-2021 15:28:23.647 INFO [main] org.apache.catalina.startup.HostConfig.deployDescriptor Deploying deployment descriptor [D:\jsp\conf\Catalina\localhost\Nujonyoutube.xml]
31-Jan-2021 15:28:23.649 WARNING [main] org.apache.catalina.startup.HostConfig.deployDescriptor The path attribute with value [/Nujonyoutube] in deployment descriptor [D:\jsp\conf\Catalina\localhost\Nujonyoutube.xml] has been ignored
31-Jan-2021 15:28:24.328 INFO [main] org.apache.jasper.servlet.TldScanner.scanJars At least one JAR was scanned for TLDs yet contained no TLDs. Enable debug logging for this logger for a complete list of JARs that were scanned but no TLDs were found in them. Skipping unneeded JARs during scanning can improve startup time and JSP compilation time.
31-Jan-2021 15:28:24.378 INFO [main] org.apache.catalina.startup.HostConfig.deployDescriptor Deployment of deployment descriptor [D:\jsp\conf\Catalina\localhost\Nujonyoutube.xml] has finished in [732] ms
31-Jan-2021 15:28:24.379 INFO [main] org.apache.catalina.startup.HostConfig.deployDescriptor Deploying deployment descriptor [D:\jsp\conf\Catalina\localhost\ROOT.xml]
31-Jan-2021 15:28:24.381 WARNING [main] org.apache.catalina.startup.HostConfig.deployDescriptor The path attribute with value [] in deployment descriptor [D:\jsp\conf\Catalina\localhost\ROOT.xml] has been ignored
31-Jan-2021 15:28:25.171 INFO [main] org.apache.jasper.servlet.TldScanner.scanJars At least one JAR was scanned for TLDs yet contained no TLDs. Enable debug logging for this logger for a complete list of JARs that were scanned but no TLDs were found in them. Skipping unneeded JARs during scanning can improve startup time and JSP compilation time.
31-Jan-2021 15:28:25.174 INFO [main] org.apache.catalina.startup.HostConfig.deployDescriptor Deployment of deployment descriptor [D:\jsp\conf\Catalina\localhost\ROOT.xml] has finished in [796] ms
31-Jan-2021 15:28:25.178 INFO [main] org.apache.coyote.AbstractProtocol.start Starting ProtocolHandler ["http-nio-8080"]
31-Jan-2021 15:28:25.192 INFO [main] org.apache.catalina.startup.Catalina.start Server startup in [2338] milliseconds
31-Jan-2021 15:35:11.117 INFO [main] org.apache.catalina.core.StandardServer.await A valid shutdown command was received via the shutdown port. Stopping the Server instance.
31-Jan-2021 15:35:11.117 INFO [main] org.apache.coyote.AbstractProtocol.pause Pausing ProtocolHandler ["http-nio-8080"]
31-Jan-2021 15:35:11.403 INFO [main] org.apache.catalina.core.StandardService.stopInternal Stopping service [Catalina]
31-Jan-2021 15:35:11.429 WARNING [main] org.apache.catalina.loader.WebappClassLoaderBase.clearReferencesJdbc The web application [Nujonyoutube] registered the JDBC driver [com.mysql.jdbc.Driver] but failed to unregister it when the web application was stopped. To prevent a memory leak, the JDBC Driver has been forcibly unregistered.
31-Jan-2021 15:35:11.434 INFO [main] org.apache.coyote.AbstractProtocol.stop Stopping ProtocolHandler ["http-nio-8080"]
31-Jan-2021 15:35:11.450 INFO [main] org.apache.coyote.AbstractProtocol.destroy Destroying ProtocolHandler ["http-nio-8080"]
31-Jan-2021 15:57:02.957 INFO [main] org.apache.catalina.startup.VersionLoggerListener.log Server version name:   Apache Tomcat/9.0.39
31-Jan-2021 15:57:02.959 INFO [main] org.apache.catalina.startup.VersionLoggerListener.log Server built:          Oct 6 2020 14:11:46 UTC
31-Jan-2021 15:57:02.959 INFO [main] org.apache.catalina.startup.VersionLoggerListener.log Server version number: 9.0.39.0
31-Jan-2021 15:57:02.959 INFO [main] org.apache.catalina.startup.VersionLoggerListener.log OS Name:               Windows 8.1
31-Jan-2021 15:57:02.959 INFO [main] org.apache.catalina.startup.VersionLoggerListener.log OS Version:            6.3
31-Jan-2021 15:57:02.959 INFO [main] org.apache.catalina.startup.VersionLoggerListener.log Architecture:          amd64
31-Jan-2021 15:57:02.959 INFO [main] org.apache.catalina.startup.VersionLoggerListener.log Java Home:             C:\Program Files\Java\jdk1.8.0_31\jre
31-Jan-2021 15:57:02.959 INFO [main] org.apache.catalina.startup.VersionLoggerListener.log JVM Version:           1.8.0_31-b13
31-Jan-2021 15:57:02.960 INFO [main] org.apache.catalina.startup.VersionLoggerListener.log JVM Vendor:            Oracle Corporation
31-Jan-2021 15:57:02.960 INFO [main] org.apache.catalina.startup.VersionLoggerListener.log CATALINA_BASE:         D:\jsp
31-Jan-2021 15:57:02.960 INFO [main] org.apache.catalina.startup.VersionLoggerListener.log CATALINA_HOME:         D:\tomcat\apache-tomcat-9.0.39
31-Jan-2021 15:57:02.961 INFO [main] org.apache.catalina.startup.VersionLoggerListener.log Command line argument: -Djava.util.logging.config.file=D:\jsp\conf\logging.properties
31-Jan-2021 15:57:02.962 INFO [main] org.apache.catalina.startup.VersionLoggerListener.log Command line argument: -Djava.util.logging.manager=org.apache.juli.ClassLoaderLogManager
31-Jan-2021 15:57:02.962 INFO [main] org.apache.catalina.startup.VersionLoggerListener.log Command line argument: -Dhttp.nonProxyHosts=localhost|127.0.0.1|nousuasainther
31-Jan-2021 15:57:02.962 INFO [main] org.apache.catalina.startup.VersionLoggerListener.log Command line argument: -Djdk.tls.ephemeralDHKeySize=2048
31-Jan-2021 15:57:02.962 INFO [main] org.apache.catalina.startup.VersionLoggerListener.log Command line argument: -Djava.protocol.handler.pkgs=org.apache.catalina.webresources
31-Jan-2021 15:57:02.962 INFO [main] org.apache.catalina.startup.VersionLoggerListener.log Command line argument: -Dignore.endorsed.dirs=
31-Jan-2021 15:57:02.962 INFO [main] org.apache.catalina.startup.VersionLoggerListener.log Command line argument: -Dcatalina.base=D:\jsp
31-Jan-2021 15:57:02.962 INFO [main] org.apache.catalina.startup.VersionLoggerListener.log Command line argument: -Dcatalina.home=D:\tomcat\apache-tomcat-9.0.39
31-Jan-2021 15:57:02.962 INFO [main] org.apache.catalina.startup.VersionLoggerListener.log Command line argument: -Djava.io.tmpdir=D:\jsp\temp
31-Jan-2021 15:57:02.968 INFO [main] org.apache.catalina.core.AprLifecycleListener.lifecycleEvent The Apache Tomcat Native library which allows using OpenSSL was not found on the java.library.path: [C:\Program Files\Java\jdk1.8.0_31\bin;C:\WINDOWS\Sun\Java\bin;C:\WINDOWS\system32;C:\WINDOWS;C:\ProgramData\Oracle\Java\javapath;C:\Program Files\Common Files\Oracle\Java\javapath;C:\Program Files\AdoptOpenJDK\jdk-11.0.9.11-hotspot\bin;C:\Program Files (x86)\Common Files\Intel\Shared Libraries\redist\intel64\compiler;C:\WINDOWS\system32;C:\WINDOWS;C:\WINDOWS\System32\Wbem;C:\WINDOWS\System32\WindowsPowerShell\v1.0\;C:\WINDOWS\System32\OpenSSH\;C:\Program Files\dotnet\;C:\Program Files\Microsoft SQL Server\130\Tools\Binn\;C:\Program Files\nodejs\;C:\Program Files\Git\cmd;C:\Users\Acer\AppData\Local\Microsoft\WindowsApps;C:\Users\Acer\AppData\Local\Programs\Microsoft VS Code\bin;C:\Users\Acer\AppData\Roaming\npm;;.]
31-Jan-2021 15:57:03.590 INFO [main] org.apache.coyote.AbstractProtocol.init Initializing ProtocolHandler ["http-nio-8080"]
31-Jan-2021 15:57:03.643 INFO [main] org.apache.catalina.startup.Catalina.load Server initialization in [1080] milliseconds
31-Jan-2021 15:57:03.678 INFO [main] org.apache.catalina.core.StandardService.startInternal Starting service [Catalina]
31-Jan-2021 15:57:03.678 INFO [main] org.apache.catalina.core.StandardEngine.startInternal Starting Servlet engine: [Apache Tomcat/9.0.39]
31-Jan-2021 15:57:03.686 INFO [main] org.apache.catalina.startup.HostConfig.deployDescriptor Deploying deployment descriptor [D:\jsp\conf\Catalina\localhost\manager.xml]
31-Jan-2021 15:57:04.392 WARNING [main] org.apache.catalina.util.SessionIdGeneratorBase.createSecureRandom Creation of SecureRandom instance for session ID generation using [SHA1PRNG] took [409] milliseconds.
31-Jan-2021 15:57:04.444 INFO [main] org.apache.catalina.startup.HostConfig.deployDescriptor Deployment of deployment descriptor [D:\jsp\conf\Catalina\localhost\manager.xml] has finished in [758] ms
31-Jan-2021 15:57:04.445 INFO [main] org.apache.catalina.startup.HostConfig.deployDescriptor Deploying deployment descriptor [D:\jsp\conf\Catalina\localhost\Nujonyoutube.xml]
31-Jan-2021 15:57:04.446 WARNING [main] org.apache.catalina.startup.HostConfig.deployDescriptor The path attribute with value [/Nujonyoutube] in deployment descriptor [D:\jsp\conf\Catalina\localhost\Nujonyoutube.xml] has been ignored
31-Jan-2021 15:57:05.087 INFO [main] org.apache.jasper.servlet.TldScanner.scanJars At least one JAR was scanned for TLDs yet contained no TLDs. Enable debug logging for this logger for a complete list of JARs that were scanned but no TLDs were found in them. Skipping unneeded JARs during scanning can improve startup time and JSP compilation time.
31-Jan-2021 15:57:05.124 INFO [main] org.apache.catalina.startup.HostConfig.deployDescriptor Deployment of deployment descriptor [D:\jsp\conf\Catalina\localhost\Nujonyoutube.xml] has finished in [679] ms
31-Jan-2021 15:57:05.124 INFO [main] org.apache.catalina.startup.HostConfig.deployDescriptor Deploying deployment descriptor [D:\jsp\conf\Catalina\localhost\ROOT.xml]
31-Jan-2021 15:57:05.127 WARNING [main] org.apache.catalina.startup.HostConfig.deployDescriptor The path attribute with value [] in deployment descriptor [D:\jsp\conf\Catalina\localhost\ROOT.xml] has been ignored
31-Jan-2021 15:57:05.790 INFO [main] org.apache.jasper.servlet.TldScanner.scanJars At least one JAR was scanned for TLDs yet contained no TLDs. Enable debug logging for this logger for a complete list of JARs that were scanned but no TLDs were found in them. Skipping unneeded JARs during scanning can improve startup time and JSP compilation time.
31-Jan-2021 15:57:05.794 INFO [main] org.apache.catalina.startup.HostConfig.deployDescriptor Deployment of deployment descriptor [D:\jsp\conf\Catalina\localhost\ROOT.xml] has finished in [669] ms
31-Jan-2021 15:57:05.798 INFO [main] org.apache.coyote.AbstractProtocol.start Starting ProtocolHandler ["http-nio-8080"]
31-Jan-2021 15:57:05.811 INFO [main] org.apache.catalina.startup.Catalina.start Server startup in [2168] milliseconds
31-Jan-2021 15:57:19.043 INFO [main] org.apache.catalina.core.StandardServer.await A valid shutdown command was received via the shutdown port. Stopping the Server instance.
31-Jan-2021 15:57:19.043 INFO [main] org.apache.coyote.AbstractProtocol.pause Pausing ProtocolHandler ["http-nio-8080"]
31-Jan-2021 15:57:19.411 INFO [main] org.apache.catalina.core.StandardService.stopInternal Stopping service [Catalina]
31-Jan-2021 15:57:19.462 INFO [main] org.apache.coyote.AbstractProtocol.stop Stopping ProtocolHandler ["http-nio-8080"]
31-Jan-2021 15:57:19.525 INFO [main] org.apache.coyote.AbstractProtocol.destroy Destroying ProtocolHandler ["http-nio-8080"]
31-Jan-2021 15:58:16.167 INFO [main] org.apache.catalina.startup.VersionLoggerListener.log Server version name:   Apache Tomcat/9.0.39
31-Jan-2021 15:58:16.169 INFO [main] org.apache.catalina.startup.VersionLoggerListener.log Server built:          Oct 6 2020 14:11:46 UTC
31-Jan-2021 15:58:16.170 INFO [main] org.apache.catalina.startup.VersionLoggerListener.log Server version number: 9.0.39.0
31-Jan-2021 15:58:16.170 INFO [main] org.apache.catalina.startup.VersionLoggerListener.log OS Name:               Windows 8.1
31-Jan-2021 15:58:16.170 INFO [main] org.apache.catalina.startup.VersionLoggerListener.log OS Version:            6.3
31-Jan-2021 15:58:16.170 INFO [main] org.apache.catalina.startup.VersionLoggerListener.log Architecture:          amd64
31-Jan-2021 15:58:16.170 INFO [main] org.apache.catalina.startup.VersionLoggerListener.log Java Home:             C:\Program Files\Java\jdk1.8.0_31\jre
31-Jan-2021 15:58:16.170 INFO [main] org.apache.catalina.startup.VersionLoggerListener.log JVM Version:           1.8.0_31-b13
31-Jan-2021 15:58:16.170 INFO [main] org.apache.catalina.startup.VersionLoggerListener.log JVM Vendor:            Oracle Corporation
31-Jan-2021 15:58:16.170 INFO [main] org.apache.catalina.startup.VersionLoggerListener.log CATALINA_BASE:         D:\jsp
31-Jan-2021 15:58:16.171 INFO [main] org.apache.catalina.startup.VersionLoggerListener.log CATALINA_HOME:         D:\tomcat\apache-tomcat-9.0.39
31-Jan-2021 15:58:16.173 INFO [main] org.apache.catalina.startup.VersionLoggerListener.log Command line argument: -Djava.util.logging.config.file=D:\jsp\conf\logging.properties
31-Jan-2021 15:58:16.174 INFO [main] org.apache.catalina.startup.VersionLoggerListener.log Command line argument: -Djava.util.logging.manager=org.apache.juli.ClassLoaderLogManager
31-Jan-2021 15:58:16.174 INFO [main] org.apache.catalina.startup.VersionLoggerListener.log Command line argument: -Dhttp.nonProxyHosts=localhost|127.0.0.1|nousuasainther
31-Jan-2021 15:58:16.174 INFO [main] org.apache.catalina.startup.VersionLoggerListener.log Command line argument: -Djdk.tls.ephemeralDHKeySize=2048
31-Jan-2021 15:58:16.174 INFO [main] org.apache.catalina.startup.VersionLoggerListener.log Command line argument: -Djava.protocol.handler.pkgs=org.apache.catalina.webresources
31-Jan-2021 15:58:16.174 INFO [main] org.apache.catalina.startup.VersionLoggerListener.log Command line argument: -Dignore.endorsed.dirs=
31-Jan-2021 15:58:16.174 INFO [main] org.apache.catalina.startup.VersionLoggerListener.log Command line argument: -Dcatalina.base=D:\jsp
31-Jan-2021 15:58:16.174 INFO [main] org.apache.catalina.startup.VersionLoggerListener.log Command line argument: -Dcatalina.home=D:\tomcat\apache-tomcat-9.0.39
31-Jan-2021 15:58:16.174 INFO [main] org.apache.catalina.startup.VersionLoggerListener.log Command line argument: -Djava.io.tmpdir=D:\jsp\temp
31-Jan-2021 15:58:16.182 INFO [main] org.apache.catalina.core.AprLifecycleListener.lifecycleEvent The Apache Tomcat Native library which allows using OpenSSL was not found on the java.library.path: [C:\Program Files\Java\jdk1.8.0_31\bin;C:\WINDOWS\Sun\Java\bin;C:\WINDOWS\system32;C:\WINDOWS;C:\ProgramData\Oracle\Java\javapath;C:\Program Files\Common Files\Oracle\Java\javapath;C:\Program Files\AdoptOpenJDK\jdk-11.0.9.11-hotspot\bin;C:\Program Files (x86)\Common Files\Intel\Shared Libraries\redist\intel64\compiler;C:\WINDOWS\system32;C:\WINDOWS;C:\WINDOWS\System32\Wbem;C:\WINDOWS\System32\WindowsPowerShell\v1.0\;C:\WINDOWS\System32\OpenSSH\;C:\Program Files\dotnet\;C:\Program Files\Microsoft SQL Server\130\Tools\Binn\;C:\Program Files\nodejs\;C:\Program Files\Git\cmd;C:\Users\Acer\AppData\Local\Microsoft\WindowsApps;C:\Users\Acer\AppData\Local\Programs\Microsoft VS Code\bin;C:\Users\Acer\AppData\Roaming\npm;;.]
31-Jan-2021 15:58:16.743 INFO [main] org.apache.coyote.AbstractProtocol.init Initializing ProtocolHandler ["http-nio-8080"]
31-Jan-2021 15:58:16.800 INFO [main] org.apache.catalina.startup.Catalina.load Server initialization in [846] milliseconds
31-Jan-2021 15:58:16.843 INFO [main] org.apache.catalina.core.StandardService.startInternal Starting service [Catalina]
31-Jan-2021 15:58:16.844 INFO [main] org.apache.catalina.core.StandardEngine.startInternal Starting Servlet engine: [Apache Tomcat/9.0.39]
31-Jan-2021 15:58:16.863 INFO [main] org.apache.catalina.startup.HostConfig.deployDescriptor Deploying deployment descriptor [D:\jsp\conf\Catalina\localhost\manager.xml]
31-Jan-2021 15:58:17.561 WARNING [main] org.apache.catalina.util.SessionIdGeneratorBase.createSecureRandom Creation of SecureRandom instance for session ID generation using [SHA1PRNG] took [437] milliseconds.
31-Jan-2021 15:58:17.591 INFO [main] org.apache.catalina.startup.HostConfig.deployDescriptor Deployment of deployment descriptor [D:\jsp\conf\Catalina\localhost\manager.xml] has finished in [728] ms
31-Jan-2021 15:58:17.591 INFO [main] org.apache.catalina.startup.HostConfig.deployDescriptor Deploying deployment descriptor [D:\jsp\conf\Catalina\localhost\Nujonyoutube.xml]
31-Jan-2021 15:58:17.593 WARNING [main] org.apache.catalina.startup.HostConfig.deployDescriptor The path attribute with value [/Nujonyoutube] in deployment descriptor [D:\jsp\conf\Catalina\localhost\Nujonyoutube.xml] has been ignored
31-Jan-2021 15:58:18.202 INFO [main] org.apache.jasper.servlet.TldScanner.scanJars At least one JAR was scanned for TLDs yet contained no TLDs. Enable debug logging for this logger for a complete list of JARs that were scanned but no TLDs were found in them. Skipping unneeded JARs during scanning can improve startup time and JSP compilation time.
31-Jan-2021 15:58:18.242 INFO [main] org.apache.catalina.startup.HostConfig.deployDescriptor Deployment of deployment descriptor [D:\jsp\conf\Catalina\localhost\Nujonyoutube.xml] has finished in [651] ms
31-Jan-2021 15:58:18.243 INFO [main] org.apache.catalina.startup.HostConfig.deployDescriptor Deploying deployment descriptor [D:\jsp\conf\Catalina\localhost\ROOT.xml]
31-Jan-2021 15:58:18.246 WARNING [main] org.apache.catalina.startup.HostConfig.deployDescriptor The path attribute with value [] in deployment descriptor [D:\jsp\conf\Catalina\localhost\ROOT.xml] has been ignored
31-Jan-2021 15:58:18.935 INFO [main] org.apache.jasper.servlet.TldScanner.scanJars At least one JAR was scanned for TLDs yet contained no TLDs. Enable debug logging for this logger for a complete list of JARs that were scanned but no TLDs were found in them. Skipping unneeded JARs during scanning can improve startup time and JSP compilation time.
31-Jan-2021 15:58:18.938 INFO [main] org.apache.catalina.startup.HostConfig.deployDescriptor Deployment of deployment descriptor [D:\jsp\conf\Catalina\localhost\ROOT.xml] has finished in [696] ms
31-Jan-2021 15:58:18.942 INFO [main] org.apache.coyote.AbstractProtocol.start Starting ProtocolHandler ["http-nio-8080"]
31-Jan-2021 15:58:18.953 INFO [main] org.apache.catalina.startup.Catalina.start Server startup in [2152] milliseconds
31-Jan-2021 16:20:46.490 INFO [main] org.apache.catalina.core.StandardServer.await A valid shutdown command was received via the shutdown port. Stopping the Server instance.
31-Jan-2021 16:20:46.490 INFO [main] org.apache.coyote.AbstractProtocol.pause Pausing ProtocolHandler ["http-nio-8080"]
31-Jan-2021 16:20:46.909 INFO [main] org.apache.catalina.core.StandardService.stopInternal Stopping service [Catalina]
31-Jan-2021 16:20:46.937 WARNING [main] org.apache.catalina.loader.WebappClassLoaderBase.clearReferencesJdbc The web application [Nujonyoutube] registered the JDBC driver [com.mysql.jdbc.Driver] but failed to unregister it when the web application was stopped. To prevent a memory leak, the JDBC Driver has been forcibly unregistered.
31-Jan-2021 16:20:46.941 INFO [main] org.apache.coyote.AbstractProtocol.stop Stopping ProtocolHandler ["http-nio-8080"]
31-Jan-2021 16:20:46.971 INFO [main] org.apache.coyote.AbstractProtocol.destroy Destroying ProtocolHandler ["http-nio-8080"]
