13-Nov-2020 09:58:53.936 INFO [main] org.apache.catalina.startup.VersionLoggerListener.log Server version name:   Apache Tomcat/9.0.39
13-Nov-2020 09:58:53.940 INFO [main] org.apache.catalina.startup.VersionLoggerListener.log Server built:          Oct 6 2020 14:11:46 UTC
13-Nov-2020 09:58:53.940 INFO [main] org.apache.catalina.startup.VersionLoggerListener.log Server version number: 9.0.39.0
13-Nov-2020 09:58:53.940 INFO [main] org.apache.catalina.startup.VersionLoggerListener.log OS Name:               Windows 10
13-Nov-2020 09:58:53.940 INFO [main] org.apache.catalina.startup.VersionLoggerListener.log OS Version:            10.0
13-Nov-2020 09:58:53.941 INFO [main] org.apache.catalina.startup.VersionLoggerListener.log Architecture:          amd64
13-Nov-2020 09:58:53.941 INFO [main] org.apache.catalina.startup.VersionLoggerListener.log Java Home:             C:\Program Files\Java\jdk-15.0.1
13-Nov-2020 09:58:53.941 INFO [main] org.apache.catalina.startup.VersionLoggerListener.log JVM Version:           15.0.1+9-18
13-Nov-2020 09:58:53.941 INFO [main] org.apache.catalina.startup.VersionLoggerListener.log JVM Vendor:            Oracle Corporation
13-Nov-2020 09:58:53.942 INFO [main] org.apache.catalina.startup.VersionLoggerListener.log CATALINA_BASE:         D:\jsp
13-Nov-2020 09:58:53.942 INFO [main] org.apache.catalina.startup.VersionLoggerListener.log CATALINA_HOME:         D:\tomcat\apache-tomcat-9.0.39
13-Nov-2020 09:58:53.957 INFO [main] org.apache.catalina.startup.VersionLoggerListener.log Command line argument: --add-opens=java.base/java.lang=ALL-UNNAMED
13-Nov-2020 09:58:53.957 INFO [main] org.apache.catalina.startup.VersionLoggerListener.log Command line argument: --add-opens=java.base/java.io=ALL-UNNAMED
13-Nov-2020 09:58:53.957 INFO [main] org.apache.catalina.startup.VersionLoggerListener.log Command line argument: --add-opens=java.rmi/sun.rmi.transport=ALL-UNNAMED
13-Nov-2020 09:58:53.957 INFO [main] org.apache.catalina.startup.VersionLoggerListener.log Command line argument: -Djava.util.logging.config.file=D:\jsp\conf\logging.properties
13-Nov-2020 09:58:53.957 INFO [main] org.apache.catalina.startup.VersionLoggerListener.log Command line argument: -Djava.util.logging.manager=org.apache.juli.ClassLoaderLogManager
13-Nov-2020 09:58:53.957 INFO [main] org.apache.catalina.startup.VersionLoggerListener.log Command line argument: -Dhttp.nonProxyHosts=localhost|127.0.0.1|nousuasainther
13-Nov-2020 09:58:53.957 INFO [main] org.apache.catalina.startup.VersionLoggerListener.log Command line argument: -Djdk.tls.ephemeralDHKeySize=2048
13-Nov-2020 09:58:53.957 INFO [main] org.apache.catalina.startup.VersionLoggerListener.log Command line argument: -Djava.protocol.handler.pkgs=org.apache.catalina.webresources
13-Nov-2020 09:58:53.957 INFO [main] org.apache.catalina.startup.VersionLoggerListener.log Command line argument: -Dignore.endorsed.dirs=
13-Nov-2020 09:58:53.957 INFO [main] org.apache.catalina.startup.VersionLoggerListener.log Command line argument: -Dcatalina.base=D:\jsp
13-Nov-2020 09:58:53.957 INFO [main] org.apache.catalina.startup.VersionLoggerListener.log Command line argument: -Dcatalina.home=D:\tomcat\apache-tomcat-9.0.39
13-Nov-2020 09:58:53.957 INFO [main] org.apache.catalina.startup.VersionLoggerListener.log Command line argument: -Djava.io.tmpdir=D:\jsp\temp
13-Nov-2020 09:58:53.962 INFO [main] org.apache.catalina.core.AprLifecycleListener.lifecycleEvent The Apache Tomcat Native library which allows using OpenSSL was not found on the java.library.path: [C:\Program Files\Java\jdk-15.0.1\bin;C:\WINDOWS\Sun\Java\bin;C:\WINDOWS\system32;C:\WINDOWS;C:\Program Files\Common Files\Oracle\Java\javapath;C:\Program Files\AdoptOpenJDK\jdk-11.0.9.11-hotspot\bin;C:\Program Files (x86)\Common Files\Intel\Shared Libraries\redist\intel64\compiler;C:\WINDOWS\system32;C:\WINDOWS;C:\WINDOWS\System32\Wbem;C:\WINDOWS\System32\WindowsPowerShell\v1.0\;C:\WINDOWS\System32\OpenSSH\;C:\Program Files\dotnet\;C:\Program Files\Microsoft SQL Server\130\Tools\Binn\;C:\Program Files\nodejs\;C:\Users\Acer\AppData\Local\Microsoft\WindowsApps;C:\Users\Acer\AppData\Local\Programs\Microsoft VS Code\bin;C:\Users\Acer\AppData\Roaming\npm;.]
13-Nov-2020 09:58:54.355 INFO [main] org.apache.coyote.AbstractProtocol.init Initializing ProtocolHandler ["http-nio-8080"]
13-Nov-2020 09:58:54.489 INFO [main] org.apache.catalina.startup.Catalina.load Server initialization in [916] milliseconds
13-Nov-2020 09:58:54.586 INFO [main] org.apache.catalina.core.StandardService.startInternal Starting service [Catalina]
13-Nov-2020 09:58:54.586 INFO [main] org.apache.catalina.core.StandardEngine.startInternal Starting Servlet engine: [Apache Tomcat/9.0.39]
13-Nov-2020 09:58:54.604 INFO [main] org.apache.catalina.startup.HostConfig.deployDescriptor Deploying deployment descriptor [D:\jsp\conf\Catalina\localhost\manager.xml]
13-Nov-2020 09:58:54.977 INFO [main] org.apache.catalina.startup.HostConfig.deployDescriptor Deployment of deployment descriptor [D:\jsp\conf\Catalina\localhost\manager.xml] has finished in [372] ms
13-Nov-2020 09:58:54.977 INFO [main] org.apache.catalina.startup.HostConfig.deployDescriptor Deploying deployment descriptor [D:\jsp\conf\Catalina\localhost\nujsuajsp.xml]
13-Nov-2020 09:58:54.979 WARNING [main] org.apache.catalina.startup.HostConfig.deployDescriptor The path attribute with value [/nujsuajsp] in deployment descriptor [D:\jsp\conf\Catalina\localhost\nujsuajsp.xml] has been ignored
13-Nov-2020 09:58:55.054 INFO [main] org.apache.catalina.startup.HostConfig.deployDescriptor Deployment of deployment descriptor [D:\jsp\conf\Catalina\localhost\nujsuajsp.xml] has finished in [77] ms
13-Nov-2020 09:58:55.055 INFO [main] org.apache.catalina.startup.HostConfig.deployDescriptor Deploying deployment descriptor [D:\jsp\conf\Catalina\localhost\ROOT.xml]
13-Nov-2020 09:58:55.056 WARNING [main] org.apache.catalina.startup.HostConfig.deployDescriptor The path attribute with value [] in deployment descriptor [D:\jsp\conf\Catalina\localhost\ROOT.xml] has been ignored
13-Nov-2020 09:58:55.092 INFO [main] org.apache.catalina.startup.HostConfig.deployDescriptor Deployment of deployment descriptor [D:\jsp\conf\Catalina\localhost\ROOT.xml] has finished in [37] ms
13-Nov-2020 09:58:55.106 INFO [main] org.apache.coyote.AbstractProtocol.start Starting ProtocolHandler ["http-nio-8080"]
13-Nov-2020 09:58:55.117 INFO [main] org.apache.catalina.startup.Catalina.start Server startup in [628] milliseconds
13-Nov-2020 10:42:50.628 INFO [main] org.apache.catalina.core.StandardServer.await A valid shutdown command was received via the shutdown port. Stopping the Server instance.
13-Nov-2020 10:42:50.628 INFO [main] org.apache.coyote.AbstractProtocol.pause Pausing ProtocolHandler ["http-nio-8080"]
13-Nov-2020 10:42:50.649 INFO [main] org.apache.catalina.core.StandardService.stopInternal Stopping service [Catalina]
13-Nov-2020 10:42:50.675 INFO [main] org.apache.coyote.AbstractProtocol.stop Stopping ProtocolHandler ["http-nio-8080"]
13-Nov-2020 10:42:50.695 INFO [main] org.apache.coyote.AbstractProtocol.destroy Destroying ProtocolHandler ["http-nio-8080"]
