06-Dec-2020 10:09:53.324 INFO [main] org.apache.catalina.startup.VersionLoggerListener.log Server version name:   Apache Tomcat/9.0.39
06-Dec-2020 10:09:53.330 INFO [main] org.apache.catalina.startup.VersionLoggerListener.log Server built:          Oct 6 2020 14:11:46 UTC
06-Dec-2020 10:09:53.330 INFO [main] org.apache.catalina.startup.VersionLoggerListener.log Server version number: 9.0.39.0
06-Dec-2020 10:09:53.330 INFO [main] org.apache.catalina.startup.VersionLoggerListener.log OS Name:               Windows 10
06-Dec-2020 10:09:53.330 INFO [main] org.apache.catalina.startup.VersionLoggerListener.log OS Version:            10.0
06-Dec-2020 10:09:53.331 INFO [main] org.apache.catalina.startup.VersionLoggerListener.log Architecture:          amd64
06-Dec-2020 10:09:53.331 INFO [main] org.apache.catalina.startup.VersionLoggerListener.log Java Home:             C:\Program Files\Java\jdk-15.0.1
06-Dec-2020 10:09:53.331 INFO [main] org.apache.catalina.startup.VersionLoggerListener.log JVM Version:           15.0.1+9-18
06-Dec-2020 10:09:53.331 INFO [main] org.apache.catalina.startup.VersionLoggerListener.log JVM Vendor:            Oracle Corporation
06-Dec-2020 10:09:53.331 INFO [main] org.apache.catalina.startup.VersionLoggerListener.log CATALINA_BASE:         D:\jsp
06-Dec-2020 10:09:53.331 INFO [main] org.apache.catalina.startup.VersionLoggerListener.log CATALINA_HOME:         D:\tomcat\apache-tomcat-9.0.39
06-Dec-2020 10:09:53.356 INFO [main] org.apache.catalina.startup.VersionLoggerListener.log Command line argument: --add-opens=java.base/java.lang=ALL-UNNAMED
06-Dec-2020 10:09:53.356 INFO [main] org.apache.catalina.startup.VersionLoggerListener.log Command line argument: --add-opens=java.base/java.io=ALL-UNNAMED
06-Dec-2020 10:09:53.356 INFO [main] org.apache.catalina.startup.VersionLoggerListener.log Command line argument: --add-opens=java.rmi/sun.rmi.transport=ALL-UNNAMED
06-Dec-2020 10:09:53.356 INFO [main] org.apache.catalina.startup.VersionLoggerListener.log Command line argument: -Djava.util.logging.config.file=D:\jsp\conf\logging.properties
06-Dec-2020 10:09:53.356 INFO [main] org.apache.catalina.startup.VersionLoggerListener.log Command line argument: -Djava.util.logging.manager=org.apache.juli.ClassLoaderLogManager
06-Dec-2020 10:09:53.357 INFO [main] org.apache.catalina.startup.VersionLoggerListener.log Command line argument: -Dhttp.nonProxyHosts=localhost|127.0.0.1|nousuasainther
06-Dec-2020 10:09:53.357 INFO [main] org.apache.catalina.startup.VersionLoggerListener.log Command line argument: -Djdk.tls.ephemeralDHKeySize=2048
06-Dec-2020 10:09:53.357 INFO [main] org.apache.catalina.startup.VersionLoggerListener.log Command line argument: -Djava.protocol.handler.pkgs=org.apache.catalina.webresources
06-Dec-2020 10:09:53.357 INFO [main] org.apache.catalina.startup.VersionLoggerListener.log Command line argument: -Dignore.endorsed.dirs=
06-Dec-2020 10:09:53.357 INFO [main] org.apache.catalina.startup.VersionLoggerListener.log Command line argument: -Dcatalina.base=D:\jsp
06-Dec-2020 10:09:53.357 INFO [main] org.apache.catalina.startup.VersionLoggerListener.log Command line argument: -Dcatalina.home=D:\tomcat\apache-tomcat-9.0.39
06-Dec-2020 10:09:53.358 INFO [main] org.apache.catalina.startup.VersionLoggerListener.log Command line argument: -Djava.io.tmpdir=D:\jsp\temp
06-Dec-2020 10:09:53.365 INFO [main] org.apache.catalina.core.AprLifecycleListener.lifecycleEvent The Apache Tomcat Native library which allows using OpenSSL was not found on the java.library.path: [C:\Program Files\Java\jdk-15.0.1\bin;C:\WINDOWS\Sun\Java\bin;C:\WINDOWS\system32;C:\WINDOWS;C:\Program Files\Common Files\Oracle\Java\javapath;C:\Program Files\AdoptOpenJDK\jdk-11.0.9.11-hotspot\bin;C:\Program Files (x86)\Common Files\Intel\Shared Libraries\redist\intel64\compiler;C:\WINDOWS\system32;C:\WINDOWS;C:\WINDOWS\System32\Wbem;C:\WINDOWS\System32\WindowsPowerShell\v1.0\;C:\WINDOWS\System32\OpenSSH\;C:\Program Files\dotnet\;C:\Program Files\Microsoft SQL Server\130\Tools\Binn\;C:\Program Files\nodejs\;C:\Users\Acer\AppData\Local\Microsoft\WindowsApps;C:\Users\Acer\AppData\Local\Programs\Microsoft VS Code\bin;C:\Users\Acer\AppData\Roaming\npm;;.]
06-Dec-2020 10:09:53.859 INFO [main] org.apache.coyote.AbstractProtocol.init Initializing ProtocolHandler ["http-nio-8080"]
06-Dec-2020 10:09:53.985 INFO [main] org.apache.catalina.startup.Catalina.load Server initialization in [909] milliseconds
06-Dec-2020 10:09:54.046 INFO [main] org.apache.catalina.core.StandardService.startInternal Starting service [Catalina]
06-Dec-2020 10:09:54.046 INFO [main] org.apache.catalina.core.StandardEngine.startInternal Starting Servlet engine: [Apache Tomcat/9.0.39]
06-Dec-2020 10:09:54.058 INFO [main] org.apache.catalina.startup.HostConfig.deployDescriptor Deploying deployment descriptor [D:\jsp\conf\Catalina\localhost\manager.xml]
06-Dec-2020 10:09:54.387 INFO [main] org.apache.catalina.startup.HostConfig.deployDescriptor Deployment of deployment descriptor [D:\jsp\conf\Catalina\localhost\manager.xml] has finished in [329] ms
06-Dec-2020 10:09:54.387 INFO [main] org.apache.catalina.startup.HostConfig.deployDescriptor Deploying deployment descriptor [D:\jsp\conf\Catalina\localhost\ROOT.xml]
06-Dec-2020 10:09:54.388 WARNING [main] org.apache.catalina.startup.HostConfig.deployDescriptor The path attribute with value [] in deployment descriptor [D:\jsp\conf\Catalina\localhost\ROOT.xml] has been ignored
06-Dec-2020 10:09:54.475 INFO [main] org.apache.catalina.startup.HostConfig.deployDescriptor Deployment of deployment descriptor [D:\jsp\conf\Catalina\localhost\ROOT.xml] has finished in [88] ms
06-Dec-2020 10:09:54.480 INFO [main] org.apache.coyote.AbstractProtocol.start Starting ProtocolHandler ["http-nio-8080"]
06-Dec-2020 10:09:54.492 INFO [main] org.apache.catalina.startup.Catalina.start Server startup in [506] milliseconds
06-Dec-2020 10:19:59.695 INFO [main] org.apache.catalina.core.StandardServer.await A valid shutdown command was received via the shutdown port. Stopping the Server instance.
06-Dec-2020 10:19:59.696 INFO [main] org.apache.coyote.AbstractProtocol.pause Pausing ProtocolHandler ["http-nio-8080"]
06-Dec-2020 10:19:59.734 INFO [main] org.apache.catalina.core.StandardService.stopInternal Stopping service [Catalina]
06-Dec-2020 10:19:59.777 INFO [main] org.apache.coyote.AbstractProtocol.stop Stopping ProtocolHandler ["http-nio-8080"]
06-Dec-2020 10:19:59.837 INFO [main] org.apache.coyote.AbstractProtocol.destroy Destroying ProtocolHandler ["http-nio-8080"]
06-Dec-2020 20:55:33.441 INFO [main] org.apache.catalina.startup.VersionLoggerListener.log Server version name:   Apache Tomcat/9.0.39
06-Dec-2020 20:55:33.445 INFO [main] org.apache.catalina.startup.VersionLoggerListener.log Server built:          Oct 6 2020 14:11:46 UTC
06-Dec-2020 20:55:33.445 INFO [main] org.apache.catalina.startup.VersionLoggerListener.log Server version number: 9.0.39.0
06-Dec-2020 20:55:33.445 INFO [main] org.apache.catalina.startup.VersionLoggerListener.log OS Name:               Windows 10
06-Dec-2020 20:55:33.446 INFO [main] org.apache.catalina.startup.VersionLoggerListener.log OS Version:            10.0
06-Dec-2020 20:55:33.446 INFO [main] org.apache.catalina.startup.VersionLoggerListener.log Architecture:          amd64
06-Dec-2020 20:55:33.446 INFO [main] org.apache.catalina.startup.VersionLoggerListener.log Java Home:             C:\Program Files\Java\jdk-15.0.1
06-Dec-2020 20:55:33.446 INFO [main] org.apache.catalina.startup.VersionLoggerListener.log JVM Version:           15.0.1+9-18
06-Dec-2020 20:55:33.446 INFO [main] org.apache.catalina.startup.VersionLoggerListener.log JVM Vendor:            Oracle Corporation
06-Dec-2020 20:55:33.446 INFO [main] org.apache.catalina.startup.VersionLoggerListener.log CATALINA_BASE:         D:\jsp
06-Dec-2020 20:55:33.446 INFO [main] org.apache.catalina.startup.VersionLoggerListener.log CATALINA_HOME:         D:\tomcat\apache-tomcat-9.0.39
06-Dec-2020 20:55:33.461 INFO [main] org.apache.catalina.startup.VersionLoggerListener.log Command line argument: --add-opens=java.base/java.lang=ALL-UNNAMED
06-Dec-2020 20:55:33.462 INFO [main] org.apache.catalina.startup.VersionLoggerListener.log Command line argument: --add-opens=java.base/java.io=ALL-UNNAMED
06-Dec-2020 20:55:33.462 INFO [main] org.apache.catalina.startup.VersionLoggerListener.log Command line argument: --add-opens=java.rmi/sun.rmi.transport=ALL-UNNAMED
06-Dec-2020 20:55:33.462 INFO [main] org.apache.catalina.startup.VersionLoggerListener.log Command line argument: -Djava.util.logging.config.file=D:\jsp\conf\logging.properties
06-Dec-2020 20:55:33.463 INFO [main] org.apache.catalina.startup.VersionLoggerListener.log Command line argument: -Djava.util.logging.manager=org.apache.juli.ClassLoaderLogManager
06-Dec-2020 20:55:33.463 INFO [main] org.apache.catalina.startup.VersionLoggerListener.log Command line argument: -Dhttp.nonProxyHosts=localhost|127.0.0.1|nousuasainther
06-Dec-2020 20:55:33.463 INFO [main] org.apache.catalina.startup.VersionLoggerListener.log Command line argument: -Djdk.tls.ephemeralDHKeySize=2048
06-Dec-2020 20:55:33.463 INFO [main] org.apache.catalina.startup.VersionLoggerListener.log Command line argument: -Djava.protocol.handler.pkgs=org.apache.catalina.webresources
06-Dec-2020 20:55:33.463 INFO [main] org.apache.catalina.startup.VersionLoggerListener.log Command line argument: -Dignore.endorsed.dirs=
06-Dec-2020 20:55:33.463 INFO [main] org.apache.catalina.startup.VersionLoggerListener.log Command line argument: -Dcatalina.base=D:\jsp
06-Dec-2020 20:55:33.463 INFO [main] org.apache.catalina.startup.VersionLoggerListener.log Command line argument: -Dcatalina.home=D:\tomcat\apache-tomcat-9.0.39
06-Dec-2020 20:55:33.463 INFO [main] org.apache.catalina.startup.VersionLoggerListener.log Command line argument: -Djava.io.tmpdir=D:\jsp\temp
06-Dec-2020 20:55:33.468 INFO [main] org.apache.catalina.core.AprLifecycleListener.lifecycleEvent The Apache Tomcat Native library which allows using OpenSSL was not found on the java.library.path: [C:\Program Files\Java\jdk-15.0.1\bin;C:\WINDOWS\Sun\Java\bin;C:\WINDOWS\system32;C:\WINDOWS;C:\Program Files\Common Files\Oracle\Java\javapath;C:\Program Files\AdoptOpenJDK\jdk-11.0.9.11-hotspot\bin;C:\Program Files (x86)\Common Files\Intel\Shared Libraries\redist\intel64\compiler;C:\WINDOWS\system32;C:\WINDOWS;C:\WINDOWS\System32\Wbem;C:\WINDOWS\System32\WindowsPowerShell\v1.0\;C:\WINDOWS\System32\OpenSSH\;C:\Program Files\dotnet\;C:\Program Files\Microsoft SQL Server\130\Tools\Binn\;C:\Program Files\nodejs\;C:\Users\Acer\AppData\Local\Microsoft\WindowsApps;C:\Users\Acer\AppData\Local\Programs\Microsoft VS Code\bin;C:\Users\Acer\AppData\Roaming\npm;;.]
06-Dec-2020 20:55:33.824 INFO [main] org.apache.coyote.AbstractProtocol.init Initializing ProtocolHandler ["http-nio-8080"]
06-Dec-2020 20:55:33.965 INFO [main] org.apache.catalina.startup.Catalina.load Server initialization in [849] milliseconds
06-Dec-2020 20:55:34.036 INFO [main] org.apache.catalina.core.StandardService.startInternal Starting service [Catalina]
06-Dec-2020 20:55:34.037 INFO [main] org.apache.catalina.core.StandardEngine.startInternal Starting Servlet engine: [Apache Tomcat/9.0.39]
06-Dec-2020 20:55:34.052 INFO [main] org.apache.catalina.startup.HostConfig.deployDescriptor Deploying deployment descriptor [D:\jsp\conf\Catalina\localhost\manager.xml]
06-Dec-2020 20:55:34.455 INFO [main] org.apache.catalina.startup.HostConfig.deployDescriptor Deployment of deployment descriptor [D:\jsp\conf\Catalina\localhost\manager.xml] has finished in [401] ms
06-Dec-2020 20:55:34.455 INFO [main] org.apache.catalina.startup.HostConfig.deployDescriptor Deploying deployment descriptor [D:\jsp\conf\Catalina\localhost\ROOT.xml]
06-Dec-2020 20:55:34.458 WARNING [main] org.apache.catalina.startup.HostConfig.deployDescriptor The path attribute with value [] in deployment descriptor [D:\jsp\conf\Catalina\localhost\ROOT.xml] has been ignored
06-Dec-2020 20:55:34.636 INFO [main] org.apache.catalina.startup.HostConfig.deployDescriptor Deployment of deployment descriptor [D:\jsp\conf\Catalina\localhost\ROOT.xml] has finished in [181] ms
06-Dec-2020 20:55:34.643 INFO [main] org.apache.coyote.AbstractProtocol.start Starting ProtocolHandler ["http-nio-8080"]
06-Dec-2020 20:55:34.664 INFO [main] org.apache.catalina.startup.Catalina.start Server startup in [698] milliseconds
06-Dec-2020 20:58:41.852 INFO [main] org.apache.catalina.core.StandardServer.await A valid shutdown command was received via the shutdown port. Stopping the Server instance.
06-Dec-2020 20:58:41.853 INFO [main] org.apache.coyote.AbstractProtocol.pause Pausing ProtocolHandler ["http-nio-8080"]
06-Dec-2020 20:58:41.880 INFO [main] org.apache.catalina.core.StandardService.stopInternal Stopping service [Catalina]
06-Dec-2020 20:58:41.908 INFO [main] org.apache.coyote.AbstractProtocol.stop Stopping ProtocolHandler ["http-nio-8080"]
06-Dec-2020 20:58:41.925 INFO [main] org.apache.coyote.AbstractProtocol.destroy Destroying ProtocolHandler ["http-nio-8080"]
